f:\sphinx\pocketsphinx\win32\pocketsphinx\debug\win32\vc141.pdb
f:\sphinx\pocketsphinx\win32\pocketsphinx\debug\win32\vc141.idb
f:\sphinx\pocketsphinx\win32\pocketsphinx\debug\win32\hmm.obj
f:\sphinx\pocketsphinx\win32\pocketsphinx\debug\win32\kws_detections.obj
f:\sphinx\pocketsphinx\win32\pocketsphinx\debug\win32\kws_search.obj
f:\sphinx\pocketsphinx\win32\pocketsphinx\debug\win32\mdef.obj
f:\sphinx\pocketsphinx\win32\pocketsphinx\debug\win32\ms_gauden.obj
f:\sphinx\pocketsphinx\win32\pocketsphinx\debug\win32\ms_mgau.obj
f:\sphinx\pocketsphinx\win32\pocketsphinx\debug\win32\ms_senone.obj
f:\sphinx\pocketsphinx\win32\pocketsphinx\debug\win32\ngram_search.obj
f:\sphinx\pocketsphinx\win32\pocketsphinx\debug\win32\ngram_search_fwdflat.obj
f:\sphinx\pocketsphinx\win32\pocketsphinx\debug\win32\ngram_search_fwdtree.obj
f:\sphinx\pocketsphinx\win32\pocketsphinx\debug\win32\phone_loop_search.obj
f:\sphinx\pocketsphinx\win32\pocketsphinx\debug\win32\pocketsphinx.obj
f:\sphinx\pocketsphinx\win32\pocketsphinx\debug\win32\ps_alignment.obj
f:\sphinx\pocketsphinx\win32\pocketsphinx\debug\win32\ps_lattice.obj
f:\sphinx\pocketsphinx\win32\pocketsphinx\debug\win32\ps_mllr.obj
f:\sphinx\pocketsphinx\win32\pocketsphinx\debug\win32\ptm_mgau.obj
f:\sphinx\pocketsphinx\win32\pocketsphinx\debug\win32\s2_semi_mgau.obj
f:\sphinx\pocketsphinx\win32\pocketsphinx\debug\win32\state_align_search.obj
f:\sphinx\pocketsphinx\win32\pocketsphinx\debug\win32\tmat.obj
f:\sphinx\pocketsphinx\win32\pocketsphinx\debug\win32\vector.obj
f:\sphinx\pocketsphinx\win32\pocketsphinx\debug\win32\acmod.obj
f:\sphinx\pocketsphinx\win32\pocketsphinx\debug\win32\allphone_search.obj
f:\sphinx\pocketsphinx\win32\pocketsphinx\debug\win32\bin_mdef.obj
f:\sphinx\pocketsphinx\win32\pocketsphinx\debug\win32\blkarray_list.obj
f:\sphinx\pocketsphinx\win32\pocketsphinx\debug\win32\dict.obj
f:\sphinx\pocketsphinx\win32\pocketsphinx\debug\win32\dict2pid.obj
f:\sphinx\pocketsphinx\win32\pocketsphinx\debug\win32\fsg_history.obj
f:\sphinx\pocketsphinx\win32\pocketsphinx\debug\win32\fsg_lextree.obj
f:\sphinx\pocketsphinx\win32\pocketsphinx\debug\win32\fsg_search.obj
f:\sphinx\pocketsphinx\bin\debug\win32\pocketsphinx.ilk
f:\sphinx\pocketsphinx\bin\debug\win32\pocketsphinx.dll
f:\sphinx\pocketsphinx\bin\debug\win32\pocketsphinx.pdb
f:\sphinx\pocketsphinx\bin\debug\win32\pocketsphinx.lib
f:\sphinx\pocketsphinx\bin\debug\win32\pocketsphinx.exp
f:\sphinx\pocketsphinx\\bin\debug\win32\pocketsphinx.pdb
f:\sphinx\pocketsphinx\\bin\debug\win32\pocketsphinx.dll
f:\sphinx\pocketsphinx\\bin\debug\win32\pocketsphinx.ilk
f:\sphinx\pocketsphinx\win32\pocketsphinx\debug\win32\pocketsphinx.tlog\cl.command.1.tlog
f:\sphinx\pocketsphinx\win32\pocketsphinx\debug\win32\pocketsphinx.tlog\cl.read.1.tlog
f:\sphinx\pocketsphinx\win32\pocketsphinx\debug\win32\pocketsphinx.tlog\cl.write.1.tlog
f:\sphinx\pocketsphinx\win32\pocketsphinx\debug\win32\pocketsphinx.tlog\link.command.1.tlog
f:\sphinx\pocketsphinx\win32\pocketsphinx\debug\win32\pocketsphinx.tlog\link.read.1.tlog
f:\sphinx\pocketsphinx\win32\pocketsphinx\debug\win32\pocketsphinx.tlog\link.write.1.tlog
f:\sphinx\pocketsphinx\win32\pocketsphinx\debug\win32\pocketsphinx.tlog\pocketsphinx.write.1u.tlog
