  hash.c
..\..\..\src\programs\mk_mdef_gen\hash.c(93): warning C4996: 'strdup': The POSIX name for this item is deprecated. Instead, use the ISO C and C++ conformant name: _strdup. See online help for details.
  C:\Program Files (x86)\Windows Kits\10\Include\10.0.15063.0\ucrt\string.h(538): note: see declaration of 'strdup'
..\..\..\src\programs\mk_mdef_gen\hash.c(94): warning C4996: 'strdup': The POSIX name for this item is deprecated. Instead, use the ISO C and C++ conformant name: _strdup. See online help for details.
  C:\Program Files (x86)\Windows Kits\10\Include\10.0.15063.0\ucrt\string.h(538): note: see declaration of 'strdup'
..\..\..\src\programs\mk_mdef_gen\hash.c(95): warning C4996: 'strdup': The POSIX name for this item is deprecated. Instead, use the ISO C and C++ conformant name: _strdup. See online help for details.
  C:\Program Files (x86)\Windows Kits\10\Include\10.0.15063.0\ucrt\string.h(538): note: see declaration of 'strdup'
..\..\..\src\programs\mk_mdef_gen\hash.c(96): warning C4996: 'strdup': The POSIX name for this item is deprecated. Instead, use the ISO C and C++ conformant name: _strdup. See online help for details.
  C:\Program Files (x86)\Windows Kits\10\Include\10.0.15063.0\ucrt\string.h(538): note: see declaration of 'strdup'
..\..\..\src\programs\mk_mdef_gen\hash.c(164): warning C4996: 'strdup': The POSIX name for this item is deprecated. Instead, use the ISO C and C++ conformant name: _strdup. See online help for details.
  C:\Program Files (x86)\Windows Kits\10\Include\10.0.15063.0\ucrt\string.h(538): note: see declaration of 'strdup'
..\..\..\src\programs\mk_mdef_gen\hash.c(230): warning C4996: 'strdup': The POSIX name for this item is deprecated. Instead, use the ISO C and C++ conformant name: _strdup. See online help for details.
  C:\Program Files (x86)\Windows Kits\10\Include\10.0.15063.0\ucrt\string.h(538): note: see declaration of 'strdup'
  heap.c
  main.c
  mk_mdef_gen.c
..\..\..\src\programs\mk_mdef_gen\mk_mdef_gen.c(174): warning C4996: 'strdup': The POSIX name for this item is deprecated. Instead, use the ISO C and C++ conformant name: _strdup. See online help for details.
  C:\Program Files (x86)\Windows Kits\10\Include\10.0.15063.0\ucrt\string.h(538): note: see declaration of 'strdup'
..\..\..\src\programs\mk_mdef_gen\mk_mdef_gen.c(306): warning C4018: '>': signed/unsigned mismatch
..\..\..\src\programs\mk_mdef_gen\mk_mdef_gen.c(293): warning C4996: 'strdup': The POSIX name for this item is deprecated. Instead, use the ISO C and C++ conformant name: _strdup. See online help for details.
  C:\Program Files (x86)\Windows Kits\10\Include\10.0.15063.0\ucrt\string.h(538): note: see declaration of 'strdup'
..\..\..\src\programs\mk_mdef_gen\mk_mdef_gen.c(488): warning C4996: 'strdup': The POSIX name for this item is deprecated. Instead, use the ISO C and C++ conformant name: _strdup. See online help for details.
  C:\Program Files (x86)\Windows Kits\10\Include\10.0.15063.0\ucrt\string.h(538): note: see declaration of 'strdup'
..\..\..\src\programs\mk_mdef_gen\mk_mdef_gen.c(670): warning C4996: 'strdup': The POSIX name for this item is deprecated. Instead, use the ISO C and C++ conformant name: _strdup. See online help for details.
  C:\Program Files (x86)\Windows Kits\10\Include\10.0.15063.0\ucrt\string.h(538): note: see declaration of 'strdup'
..\..\..\src\programs\mk_mdef_gen\mk_mdef_gen.c(671): warning C4996: 'strdup': The POSIX name for this item is deprecated. Instead, use the ISO C and C++ conformant name: _strdup. See online help for details.
  C:\Program Files (x86)\Windows Kits\10\Include\10.0.15063.0\ucrt\string.h(538): note: see declaration of 'strdup'
..\..\..\src\programs\mk_mdef_gen\mk_mdef_gen.c(672): warning C4996: 'strdup': The POSIX name for this item is deprecated. Instead, use the ISO C and C++ conformant name: _strdup. See online help for details.
  C:\Program Files (x86)\Windows Kits\10\Include\10.0.15063.0\ucrt\string.h(538): note: see declaration of 'strdup'
..\..\..\src\programs\mk_mdef_gen\mk_mdef_gen.c(673): warning C4996: 'strdup': The POSIX name for this item is deprecated. Instead, use the ISO C and C++ conformant name: _strdup. See online help for details.
  C:\Program Files (x86)\Windows Kits\10\Include\10.0.15063.0\ucrt\string.h(538): note: see declaration of 'strdup'
..\..\..\src\programs\mk_mdef_gen\mk_mdef_gen.c(710): warning C4996: 'strdup': The POSIX name for this item is deprecated. Instead, use the ISO C and C++ conformant name: _strdup. See online help for details.
  C:\Program Files (x86)\Windows Kits\10\Include\10.0.15063.0\ucrt\string.h(538): note: see declaration of 'strdup'
..\..\..\src\programs\mk_mdef_gen\mk_mdef_gen.c(732): warning C4996: 'strdup': The POSIX name for this item is deprecated. Instead, use the ISO C and C++ conformant name: _strdup. See online help for details.
  C:\Program Files (x86)\Windows Kits\10\Include\10.0.15063.0\ucrt\string.h(538): note: see declaration of 'strdup'
..\..\..\src\programs\mk_mdef_gen\mk_mdef_gen.c(733): warning C4996: 'strdup': The POSIX name for this item is deprecated. Instead, use the ISO C and C++ conformant name: _strdup. See online help for details.
  C:\Program Files (x86)\Windows Kits\10\Include\10.0.15063.0\ucrt\string.h(538): note: see declaration of 'strdup'
..\..\..\src\programs\mk_mdef_gen\mk_mdef_gen.c(734): warning C4996: 'strdup': The POSIX name for this item is deprecated. Instead, use the ISO C and C++ conformant name: _strdup. See online help for details.
  C:\Program Files (x86)\Windows Kits\10\Include\10.0.15063.0\ucrt\string.h(538): note: see declaration of 'strdup'
..\..\..\src\programs\mk_mdef_gen\mk_mdef_gen.c(735): warning C4996: 'strdup': The POSIX name for this item is deprecated. Instead, use the ISO C and C++ conformant name: _strdup. See online help for details.
  C:\Program Files (x86)\Windows Kits\10\Include\10.0.15063.0\ucrt\string.h(538): note: see declaration of 'strdup'
..\..\..\src\programs\mk_mdef_gen\mk_mdef_gen.c(914): warning C4996: 'strdup': The POSIX name for this item is deprecated. Instead, use the ISO C and C++ conformant name: _strdup. See online help for details.
  C:\Program Files (x86)\Windows Kits\10\Include\10.0.15063.0\ucrt\string.h(538): note: see declaration of 'strdup'
..\..\..\src\programs\mk_mdef_gen\mk_mdef_gen.c(919): warning C4996: 'strdup': The POSIX name for this item is deprecated. Instead, use the ISO C and C++ conformant name: _strdup. See online help for details.
  C:\Program Files (x86)\Windows Kits\10\Include\10.0.15063.0\ucrt\string.h(538): note: see declaration of 'strdup'
..\..\..\src\programs\mk_mdef_gen\mk_mdef_gen.c(920): warning C4996: 'strdup': The POSIX name for this item is deprecated. Instead, use the ISO C and C++ conformant name: _strdup. See online help for details.
  C:\Program Files (x86)\Windows Kits\10\Include\10.0.15063.0\ucrt\string.h(538): note: see declaration of 'strdup'
..\..\..\src\programs\mk_mdef_gen\mk_mdef_gen.c(921): warning C4996: 'strdup': The POSIX name for this item is deprecated. Instead, use the ISO C and C++ conformant name: _strdup. See online help for details.
  C:\Program Files (x86)\Windows Kits\10\Include\10.0.15063.0\ucrt\string.h(538): note: see declaration of 'strdup'
..\..\..\src\programs\mk_mdef_gen\mk_mdef_gen.c(922): warning C4996: 'strdup': The POSIX name for this item is deprecated. Instead, use the ISO C and C++ conformant name: _strdup. See online help for details.
  C:\Program Files (x86)\Windows Kits\10\Include\10.0.15063.0\ucrt\string.h(538): note: see declaration of 'strdup'
  parse_cmd_ln.c
  Generating Code...
  mk_mdef_gen.vcxproj -> F:\sphinx\sphinxtrain\win32\programs\mk_mdef_gen\.\..\..\..\bin\Release\Win32\mk_mdef_gen.exe
