  viterbi.c
f:\sphinx\sphinxtrain\src\programs\bw\viterbi.c(654): warning C4018: '<': signed/unsigned mismatch
f:\sphinx\sphinxtrain\src\programs\bw\viterbi.c(763): warning C4018: '<': signed/unsigned mismatch
  train_cmd_ln.c
  next_utt_states.c
f:\sphinx\sphinxtrain\src\programs\bw\next_utt_states.c(76): warning C4013: 'str2words' undefined; assuming extern returning int
  main.c
f:\sphinx\sphinxtrain\src\programs\bw\main.c(279): warning C4244: '=': conversion from 'double' to 'mfcc_t', possible loss of data
f:\sphinx\sphinxtrain\src\programs\bw\main.c(284): warning C4244: '=': conversion from 'double' to 'mfcc_t', possible loss of data
f:\sphinx\sphinxtrain\src\programs\bw\main.c(776): warning C4018: '>': signed/unsigned mismatch
f:\sphinx\sphinxtrain\src\programs\bw\main.c(1030): warning C4018: '<': signed/unsigned mismatch
f:\sphinx\sphinxtrain\src\programs\bw\main.c(1039): warning C4018: '<': signed/unsigned mismatch
f:\sphinx\sphinxtrain\src\programs\bw\main.c(1069): warning C4018: '<': signed/unsigned mismatch
f:\sphinx\sphinxtrain\src\programs\bw\main.c(1088): warning C4018: '<': signed/unsigned mismatch
f:\sphinx\sphinxtrain\src\programs\bw\main.c(1102): warning C4018: '<': signed/unsigned mismatch
f:\sphinx\sphinxtrain\src\programs\bw\main.c(1684): warning C4018: '>': signed/unsigned mismatch
  forward.c
  baum_welch.c
  backward.c
f:\sphinx\sphinxtrain\src\programs\bw\backward.c(611): warning C4244: '+=': conversion from 'float64' to 'float32', possible loss of data
f:\sphinx\sphinxtrain\src\programs\bw\backward.c(833): warning C4244: '+=': conversion from 'float64' to 'float32', possible loss of data
f:\sphinx\sphinxtrain\src\programs\bw\backward.c(1049): warning C4244: '+=': conversion from 'float64' to 'float32', possible loss of data
  accum.c
f:\sphinx\sphinxtrain\src\programs\bw\accum.c(129): warning C4244: '+=': conversion from 'float64' to 'float32', possible loss of data
f:\sphinx\sphinxtrain\src\programs\bw\accum.c(234): warning C4018: '<': signed/unsigned mismatch
f:\sphinx\sphinxtrain\src\programs\bw\accum.c(776): warning C4996: 'unlink': The POSIX name for this item is deprecated. Instead, use the ISO C and C++ conformant name: _unlink. See online help for details.
  c:\program files (x86)\windows kits\10\include\10.0.15063.0\ucrt\stdio.h(380): note: see declaration of 'unlink'
f:\sphinx\sphinxtrain\src\programs\bw\accum.c(781): warning C4996: 'unlink': The POSIX name for this item is deprecated. Instead, use the ISO C and C++ conformant name: _unlink. See online help for details.
  c:\program files (x86)\windows kits\10\include\10.0.15063.0\ucrt\stdio.h(380): note: see declaration of 'unlink'
f:\sphinx\sphinxtrain\src\programs\bw\accum.c(787): warning C4996: 'unlink': The POSIX name for this item is deprecated. Instead, use the ISO C and C++ conformant name: _unlink. See online help for details.
  c:\program files (x86)\windows kits\10\include\10.0.15063.0\ucrt\stdio.h(380): note: see declaration of 'unlink'
f:\sphinx\sphinxtrain\src\programs\bw\accum.c(807): warning C4996: 'unlink': The POSIX name for this item is deprecated. Instead, use the ISO C and C++ conformant name: _unlink. See online help for details.
  c:\program files (x86)\windows kits\10\include\10.0.15063.0\ucrt\stdio.h(380): note: see declaration of 'unlink'
f:\sphinx\sphinxtrain\src\programs\bw\accum.c(1026): warning C4244: '=': conversion from 'double' to 'float32', possible loss of data
  Generating Code...
accum.obj : warning LNK4075: ignoring '/EDITANDCONTINUE' due to '/SAFESEH' specification
  bw.vcxproj -> F:\sphinx\sphinxtrain\win32\programs\bw\.\..\..\..\bin\Debug\Win32\bw.exe
  bw.vcxproj -> .\..\..\..\bin\Debug\Win32/bw.pdb (Full PDB)
