  parse_cmd_ln.c
  main.c
f:\sphinx\sphinxtrain\src\programs\make_quests\main.c(128): warning C4244: '=': conversion from 'double' to 'float32', possible loss of data
f:\sphinx\sphinxtrain\src\programs\make_quests\main.c(139): warning C4244: '+=': conversion from 'double' to 'float32', possible loss of data
f:\sphinx\sphinxtrain\src\programs\make_quests\main.c(144): warning C4244: '-=': conversion from 'double' to 'float32', possible loss of data
f:\sphinx\sphinxtrain\src\programs\make_quests\main.c(172): warning C4305: '=': truncation from 'double' to 'float32'
f:\sphinx\sphinxtrain\src\programs\make_quests\main.c(260): warning C4305: '=': truncation from 'double' to 'float32'
f:\sphinx\sphinxtrain\src\programs\make_quests\main.c(729): warning C4018: '<': signed/unsigned mismatch
f:\sphinx\sphinxtrain\src\programs\make_quests\main.c(930): warning C4244: '/=': conversion from 'float64' to 'float32', possible loss of data
f:\sphinx\sphinxtrain\src\programs\make_quests\main.c(931): warning C4244: '=': conversion from 'float64' to 'float32', possible loss of data
f:\sphinx\sphinxtrain\src\programs\make_quests\main.c(943): warning C4244: '=': conversion from 'float64' to 'float32', possible loss of data
f:\sphinx\sphinxtrain\src\programs\make_quests\main.c(969): warning C4018: '<': signed/unsigned mismatch
f:\sphinx\sphinxtrain\src\programs\make_quests\main.c(1068): warning C4018: '<': signed/unsigned mismatch
f:\sphinx\sphinxtrain\src\programs\make_quests\main.c(1071): warning C4018: '<': signed/unsigned mismatch
f:\sphinx\sphinxtrain\src\programs\make_quests\main.c(1078): warning C4018: '<': signed/unsigned mismatch
f:\sphinx\sphinxtrain\src\programs\make_quests\main.c(1080): warning C4018: '<': signed/unsigned mismatch
f:\sphinx\sphinxtrain\src\programs\make_quests\main.c(1081): warning C4018: '<': signed/unsigned mismatch
  Generating Code...
  make_quests.vcxproj -> F:\sphinx\sphinxtrain\win32\programs\make_quests\.\..\..\..\bin\Debug\x64\make_quests.exe
  make_quests.vcxproj -> .\..\..\..\bin\Debug\x64/make_quests.pdb (Full PDB)
