Current configuration:
[NAME]		[DEFLT]	[VALUE]
-example	no	no
-help		no	no
-mixwfn			F:\sphinx\train\model_parameters\train.ci_cont_flatinitial\mixture_weights
-moddeffn		F:/sphinx/train/model_architecture/train.ci.mdef
-ndensity	256	1
-nstream	4	1
-tmatfn			F:\sphinx\train\model_parameters\train.ci_cont_flatinitial\transition_matrices
-topo			F:/sphinx/train/model_architecture/train.topology

INFO: model_def_io.c(573): Model definition info:
INFO: model_def_io.c(574): 20 total models defined (20 base, 0 tri)
INFO: model_def_io.c(575): 80 total states
INFO: model_def_io.c(576): 60 total tied states
INFO: model_def_io.c(577): 60 total tied CI states
INFO: model_def_io.c(578): 20 total tied transition matrices
INFO: model_def_io.c(579): 4 max state/model
INFO: model_def_io.c(580): 4 min state/model
INFO: s3tmat_io.c(176): Wrote F:\sphinx\train\model_parameters\train.ci_cont_flatinitial\transition_matrices [20x3x4 array]
INFO: s3mixw_io.c(233): Wrote F:\sphinx\train\model_parameters\train.ci_cont_flatinitial\mixture_weights [60x1x1 array]
..\..\..\src\programs\mk_flat\main.c(83): Reading model definition file F:/sphinx/train/model_architecture/train.ci.mdef
..\..\..\src\programs\mk_flat\main.c(90): 20 models defined
Sat Apr 13 01:05:12 2019
