Current configuration:
[NAME]		[DEFLT]	[VALUE]
-accumdir		F:\sphinx\train\bwaccumdir\train_buff_1,
-constE		3.0	3.000000e+00
-dcountfn		
-example	no	no
-fullvar	no	no
-help		no	no
-inmeanfn		
-inmixwfn		
-invarfn		
-meanfn			F:/sphinx/train/model_parameters/train.ci_cont/means
-mixwfn			F:/sphinx/train/model_parameters/train.ci_cont/mixture_weights
-mmie		no	no
-oaccumdir		
-regmatfn		
-tiedvar	no	no
-tmatfn			F:/sphinx/train/model_parameters/train.ci_cont/transition_matrices
-varfn			F:/sphinx/train/model_parameters/train.ci_cont/variances

INFO: main.c(207): Reading and accumulating counts from F:\sphinx\train\bwaccumdir\train_buff_1
INFO: s3mixw_io.c(117): Read F:\sphinx\train\bwaccumdir\train_buff_1/mixw_counts [60x1x1 array]
INFO: s3tmat_io.c(118): Read F:\sphinx\train\bwaccumdir\train_buff_1/tmat_counts [20x3x4 array]
INFO: s3gau_io.c(386): Read F:\sphinx\train\bwaccumdir\train_buff_1/gauden_counts with means with vars (2pass) [60x1x1 vector arrays]
INFO: main.c(321): -2passvar yes
INFO: main.c(391): Normalizing mean for n_mgau= 60, n_stream= 1, n_density= 1
INFO: main.c(414): Normalizing var
INFO: s3mixw_io.c(233): Wrote F:/sphinx/train/model_parameters/train.ci_cont/mixture_weights [60x1x1 array]
INFO: s3tmat_io.c(176): Wrote F:/sphinx/train/model_parameters/train.ci_cont/transition_matrices [20x3x4 array]
INFO: s3gau_io.c(228): Wrote F:/sphinx/train/model_parameters/train.ci_cont/means [60x1x1 array]
INFO: s3gau_io.c(228): Wrote F:/sphinx/train/model_parameters/train.ci_cont/variances [60x1x1 array]
Sat Apr 13 01:05:15 2019
Current Overall Likelihood Per Frame = -146.43486915286
Convergence ratio = -0.562964697616906
*WARNING*: NEGATIVE CONVERGENCE RATIO! CHECK YOUR DATA AND TRASNCRIPTS
Likelihoods have converged! Baum Welch training completed!
******************************TRAINING COMPLETE*************************
Sat Apr 13 01:05:15 2019
