INFO: main.c(229): Compiled on Apr 12 2019 at 23:52:25
Current configuration:
[NAME]		[DEFLT]		[VALUE]
-2passvar	no		yes
-abeam		1e-100		1.000000e-90
-accumdir			F:/sphinx/train/bwaccumdir/train_buff_1
-agc		none		none
-agcthresh	2.0		2.000000e+00
-bbeam		1e-100		1.000000e-10
-cb2mllrfn	.1cls.		.1cls.
-cepdir				F:/sphinx/train/feat
-cepext		mfc		mfc
-ceplen		13		13
-ckptintv			0
-cmn		live		batch
-cmninit	40,3,-1		40,3,-1
-ctlfn				F:/sphinx/train/etc/train_train.fileids
-diagfull	no		no
-dictfn				F:/sphinx/train/etc/train.dic
-example	no		no
-fdictfn			F:/sphinx/train/etc/train.filler
-feat		1s_c_d_dd	1s_c_d_dd
-fullvar	no		no
-help		no		no
-hmmdir				
-latdir				
-latext				
-lda				
-ldadim		0		0
-lsnfn				F:/sphinx/train/etc/train_train.transcription
-lw		11.5		1.150000e+01
-maxuttlen	0		0
-meanfn				F:/sphinx/train/model_parameters/train.ci_cont/means
-meanreest	yes		yes
-mixwfn				F:/sphinx/train/model_parameters/train.ci_cont/mixture_weights
-mixwreest	yes		yes
-mllrmat			
-mmie		no		no
-mmie_type	rand		rand
-moddeffn			F:/sphinx/train/model_architecture/train.ci.mdef
-mwfloor	0.00001		1.000000e-08
-npart				1
-nskip				0
-outphsegdir			
-outputfullpath	no		no
-part				1
-pdumpdir			
-phsegdir			
-phsegext	phseg		phseg
-runlen		-1		-1
-sentdir			
-sentext	sent		sent
-spthresh	0.0		0.000000e+00
-svspec				
-timing		yes		no
-tmatfn				F:/sphinx/train/model_parameters/train.ci_cont/transition_matrices
-tmatreest	yes		yes
-topn		4		1
-tpfloor	0.0001		1.000000e-04
-ts2cbfn			.cont.
-varfloor	0.00001		1.000000e-04
-varfn				F:/sphinx/train/model_parameters/train.ci_cont/variances
-varnorm	no		no
-varreest	yes		yes
-viterbi	no		no

INFO: feat.c(715): Initializing feature stream to type: '1s_c_d_dd', ceplen=13, CMN='batch', VARNORM='no', AGC='none'
INFO: main.c(318): Reading F:/sphinx/train/model_architecture/train.ci.mdef
INFO: model_def_io.c(573): Model definition info:
INFO: model_def_io.c(574): 20 total models defined (20 base, 0 tri)
INFO: model_def_io.c(575): 80 total states
INFO: model_def_io.c(576): 60 total tied states
INFO: model_def_io.c(577): 60 total tied CI states
INFO: model_def_io.c(578): 20 total tied transition matrices
INFO: model_def_io.c(579): 4 max state/model
INFO: model_def_io.c(580): 4 min state/model
INFO: s3mixw_io.c(117): Read F:/sphinx/train/model_parameters/train.ci_cont/mixture_weights [60x1x1 array]
INFO: s3tmat_io.c(118): Read F:/sphinx/train/model_parameters/train.ci_cont/transition_matrices [20x3x4 array]
INFO: mod_inv.c(301): inserting tprob floor 1.000000e-04 and renormalizing
INFO: s3gau_io.c(169): Read F:/sphinx/train/model_parameters/train.ci_cont/means [60x1x1 array]
INFO: s3gau_io.c(169): Read F:/sphinx/train/model_parameters/train.ci_cont/variances [60x1x1 array]
INFO: gauden.c(176): 60 total mgau
INFO: gauden.c(150): 1 feature streams (|0|=39 )
INFO: gauden.c(187): 1 total densities
INFO: gauden.c(90): min_var=1.000000e-04
INFO: gauden.c(165): compute 1 densities/frame
INFO: main.c(431): Will reestimate mixing weights.
INFO: main.c(433): Will reestimate means.
INFO: main.c(435): Will reestimate variances.
INFO: main.c(443): Will reestimate transition matrices
INFO: main.c(456): Reading main dictionary: F:/sphinx/train/etc/train.dic
INFO: lexicon.c(221): 9 entries added from F:/sphinx/train/etc/train.dic
INFO: main.c(466): Reading filler dictionary: F:/sphinx/train/etc/train.filler
INFO: lexicon.c(221): 3 entries added from F:/sphinx/train/etc/train.filler
INFO: corpus.c(1062): Will process all remaining utts starting at 0
INFO: main.c(665): Reestimation: Baum-Welch
INFO: cmn.c(133): CMN: 32.35 14.74 -18.36 -4.06  0.78 -0.32  3.77  4.73  8.99  4.59  1.61 -11.88 -6.96 
column defns
	<seq>
	<id>
	<n_frame_in>
	<n_frame_del>
	<n_state_shmm>
	<avg_states_alpha>
	<avg_states_beta>
	<avg_states_reest>
	<avg_posterior_prune>
	<frame_log_lik>
	<utt_log_lik>
	... timing info ... 
utt>     0                        ba 9924    0INFO: cvt2triphone.c(199): no multiphones defined, no conversion done
    16 2  1 1 4.663808e-14 -1.467329e+02 -1.456177e+06
INFO: cmn.c(133): CMN: 30.12 13.38 -6.59 10.71 -1.00  1.64  4.03  3.63  0.67  0.54 -4.46 -2.36 -3.40 
utt>     1                       bay 9097    0    28 7  1 1 6.734740e-13 -1.457462e+02 -1.325853e+06
INFO: cmn.c(133): CMN: 27.06 15.57 -0.95  7.17 -7.76 -0.05 11.78  0.37  1.39 -1.12 -8.62 -6.06 -1.11 
utt>     2                       bon 10099    0    24 3  1 1 6.300683e-14 -1.508638e+02 -1.523574e+06
INFO: cmn.c(133): CMN: 32.95  2.64 -2.61 23.33  5.86  1.51  4.39  1.99  3.79 -3.87 -9.68 -0.18 -7.89 
utt>     3                      chin 9189    0    24 13  1 1 8.907009e-14 -1.480755e+02 -1.360666e+06
INFO: cmn.c(133): CMN: 34.38 12.22 -17.81 13.63  0.35 -8.21  0.40  6.31 11.21  0.24 -4.37 -10.95 -1.31 
utt>     4                       hai 10091    0    16 2  1 1 5.568346e-14 -1.422884e+02 -1.435832e+06
INFO: cmn.c(133): CMN: 27.26 17.29 -3.78 -0.54 -7.48  2.23  7.94  6.94 -1.05 -4.51  1.07 -3.08 -0.49 
utt>     5                       mot 10722    0    24 4  1 1 1.318630e-13 -1.444748e+02 -1.549059e+06
INFO: cmn.c(133): CMN: 33.72 17.17 -16.34  1.92  8.42  0.69 10.23 11.40 -1.23  0.73  2.14 -11.61 -5.06 
utt>     6                       nam 8792    0    20 3  1 1 2.107253e-13 -1.473083e+02 -1.295134e+06
INFO: cmn.c(133): CMN: 30.75 12.51 -3.67 -5.81 -4.11 -1.43  4.96  5.62  0.73  0.66 -3.82  0.42  0.08 
utt>     7                       sau 9289    0    24 6  1 1 3.401028e-13 -1.464625e+02 -1.360490e+06
INFO: cmn.c(133): CMN: 35.90 12.79 -20.89 -2.67  5.01  2.85  7.47  5.90  2.21  3.37 -1.76 -4.67 -7.44 
utt>     8                       tam 8202    0    28 3  1 1 1.858594e-13 -1.462435e+02 -1.199489e+06
overall> stats 85405 (-0) -1.464349e+02 -1.250627e+07

INFO: s3mixw_io.c(233): Wrote F:/sphinx/train/bwaccumdir/train_buff_1/mixw_counts [60x1x1 array]
INFO: s3tmat_io.c(176): Wrote F:/sphinx/train/bwaccumdir/train_buff_1/tmat_counts [20x3x4 array]
INFO: s3gau_io.c(485): Wrote F:/sphinx/train/bwaccumdir/train_buff_1/gauden_counts with means with vars (2pass) [60x1x1 vector arrays]
INFO: main.c(999): Counts saved to F:/sphinx/train/bwaccumdir/train_buff_1
Sat Apr 13 01:05:14 2019
